<?xml version="1.0" encoding="UTF-8"?>
<testsuite name="hello.GreeterTest" tests="1" skipped="0" failures="0" errors="0" timestamp="2018-01-27T14:14:40" hostname="dongxiaoxias-MacBook-Pro.local" time="0.003">
  <properties/>
  <testcase name="testSayHello" classname="hello.GreeterTest" time="0.003"/>
  <system-out><![CDATA[]]></system-out>
  <system-err><![CDATA[]]></system-err>
</testsuite>
